[2017-08-30 10:28:18,73] [info] Slf4jLogger started
[2017-08-30 10:28:18,94] [info] RUN sub-command
[2017-08-30 10:28:18,94] [info]   WDL file: /home/karsten/gdac-firecloud/tasks/pgdac_cpdb/pgdac_cpdb.wdl
[2017-08-30 10:28:18,94] [info]   Inputs: /home/karsten/gdac-firecloud/tasks/pgdac_cpdb/tests/inputs.json
[2017-08-30 10:28:19,01] [info] SingleWorkflowRunnerActor: Submitting workflow
[2017-08-30 10:28:20,10] [info] Running with database db.url = jdbc:hsqldb:mem:e4265f84-ea87-4251-af84-7f30dfe529ba;shutdown=false;hsqldb.tx=mvcc
[2017-08-30 10:28:27,73] [info] Metadata summary refreshing every 2 seconds.
[2017-08-30 10:28:28,15] [info] SingleWorkflowRunnerActor: Workflow submitted [38;5;2m8708fed1-850d-4cdb-9267-54acb52aa899[0m
[2017-08-30 10:28:28,17] [info] Workflow 8708fed1-850d-4cdb-9267-54acb52aa899 submitted.
[2017-08-30 10:28:28,38] [info] 1 new workflows fetched
[2017-08-30 10:28:28,38] [info] WorkflowManagerActor Starting workflow [38;5;2m8708fed1-850d-4cdb-9267-54acb52aa899[0m
[2017-08-30 10:28:28,39] [info] WorkflowManagerActor Successfully started WorkflowActor-8708fed1-850d-4cdb-9267-54acb52aa899
[2017-08-30 10:28:28,39] [info] Retrieved 1 workflows from the WorkflowStoreActor
[2017-08-30 10:28:28,79] [info] MaterializeWorkflowDescriptorActor [[38;5;2m8708fed1[0m]: Call-to-Backend assignments: pgdac_cpdb_workflow.pgdac_cpdb -> Local
[2017-08-30 10:28:29,01] [[38;5;220mwarn[0m] Local [[38;5;2m8708fed1[0m]: Key/s [memory, disks] is/are not supported by backend. Unsupported attributes will not be part of jobs executions.
[2017-08-30 10:28:29,09] [[38;5;1merror[0m] WorkflowManagerActor Workflow 8708fed1-850d-4cdb-9267-54acb52aa899 failed (during InitializingWorkflowState): java.nio.file.AccessDeniedException: /home/karsten/gdac-firecloud/tasks/pgdac_cpdb/cromwell-executions/pgdac_cpdb_workflow/8708fed1-850d-4cdb-9267-54acb52aa899
[2017-08-30 10:28:29,10] [[38;5;1merror[0m] /home/karsten/gdac-firecloud/tasks/pgdac_cpdb/cromwell-workflow-logs/workflow.8708fed1-850d-4cdb-9267-54acb52aa899.log
java.nio.file.NoSuchFileException: /home/karsten/gdac-firecloud/tasks/pgdac_cpdb/cromwell-workflow-logs/workflow.8708fed1-850d-4cdb-9267-54acb52aa899.log
	at sun.nio.fs.UnixException.translateToIOException(UnixException.java:86)
	at sun.nio.fs.UnixException.rethrowAsIOException(UnixException.java:102)
	at sun.nio.fs.UnixException.rethrowAsIOException(UnixException.java:107)
	at sun.nio.fs.UnixFileSystemProvider.implDelete(UnixFileSystemProvider.java:244)
	at sun.nio.fs.AbstractFileSystemProvider.delete(AbstractFileSystemProvider.java:103)
	at java.nio.file.Files.delete(Files.java:1126)
	at better.files.File.delete(File.scala:602)
	at cromwell.core.logging.WorkflowLogger$$anonfun$deleteLogFile$1.apply(WorkflowLogger.scala:112)
	at cromwell.core.logging.WorkflowLogger$$anonfun$deleteLogFile$1.apply(WorkflowLogger.scala:112)
	at scala.Option.foreach(Option.scala:257)
	at cromwell.core.logging.WorkflowLogger.deleteLogFile(WorkflowLogger.scala:112)
	at cromwell.engine.workflow.WorkflowActor$$anonfun$9$$anonfun$applyOrElse$1.apply(WorkflowActor.scala:301)
	at cromwell.engine.workflow.WorkflowActor$$anonfun$9$$anonfun$applyOrElse$1.apply(WorkflowActor.scala:297)
	at scala.Option.foreach(Option.scala:257)
	at cromwell.engine.workflow.WorkflowActor$$anonfun$9.applyOrElse(WorkflowActor.scala:297)
	at cromwell.engine.workflow.WorkflowActor$$anonfun$9.applyOrElse(WorkflowActor.scala:279)
	at scala.runtime.AbstractPartialFunction.apply(AbstractPartialFunction.scala:36)
	at akka.actor.FSM$$anonfun$handleTransition$1.apply(FSM.scala:606)
	at akka.actor.FSM$$anonfun$handleTransition$1.apply(FSM.scala:606)
	at scala.collection.immutable.List.foreach(List.scala:381)
	at akka.actor.FSM$class.handleTransition(FSM.scala:606)
	at akka.actor.FSM$class.makeTransition(FSM.scala:688)
	at cromwell.engine.workflow.WorkflowActor.makeTransition(WorkflowActor.scala:152)
	at akka.actor.FSM$class.applyState(FSM.scala:673)
	at cromwell.engine.workflow.WorkflowActor.applyState(WorkflowActor.scala:152)
	at akka.actor.FSM$class.processEvent(FSM.scala:668)
	at cromwell.engine.workflow.WorkflowActor.akka$actor$LoggingFSM$$super$processEvent(WorkflowActor.scala:152)
	at akka.actor.LoggingFSM$class.processEvent(FSM.scala:799)
	at cromwell.engine.workflow.WorkflowActor.processEvent(WorkflowActor.scala:152)
	at akka.actor.FSM$class.akka$actor$FSM$$processMsg(FSM.scala:657)
	at akka.actor.FSM$$anonfun$receive$1.applyOrElse(FSM.scala:651)
	at akka.actor.Actor$class.aroundReceive(Actor.scala:484)
	at cromwell.engine.workflow.WorkflowActor.aroundReceive(WorkflowActor.scala:152)
	at akka.actor.ActorCell.receiveMessage(ActorCell.scala:526)
	at akka.actor.ActorCell.invoke(ActorCell.scala:495)
	at akka.dispatch.Mailbox.processMailbox(Mailbox.scala:257)
	at akka.dispatch.Mailbox.run(Mailbox.scala:224)
	at akka.dispatch.Mailbox.exec(Mailbox.scala:234)
	at scala.concurrent.forkjoin.ForkJoinTask.doExec(ForkJoinTask.java:260)
	at scala.concurrent.forkjoin.ForkJoinPool$WorkQueue.runTask(ForkJoinPool.java:1339)
	at scala.concurrent.forkjoin.ForkJoinPool.runWorker(ForkJoinPool.java:1979)
	at scala.concurrent.forkjoin.ForkJoinWorkerThread.run(ForkJoinWorkerThread.java:107)
[2017-08-30 10:28:32,03] [info] SingleWorkflowRunnerActor workflow finished with status 'Failed'.
Workflow 8708fed1-850d-4cdb-9267-54acb52aa899 transitioned to state Failed
[2017-08-30 10:28:32,03] [[38;5;1merror[0m] Workflow 8708fed1-850d-4cdb-9267-54acb52aa899 transitioned to state Failed
java.lang.RuntimeException: Workflow 8708fed1-850d-4cdb-9267-54acb52aa899 transitioned to state Failed
	at cromwell.engine.workflow.SingleWorkflowRunnerActor$RunnerData.addFailure(SingleWorkflowRunnerActor.scala:51)
	at cromwell.engine.workflow.SingleWorkflowRunnerActor$$anonfun$2.applyOrElse(SingleWorkflowRunnerActor.scala:128)
	at cromwell.engine.workflow.SingleWorkflowRunnerActor$$anonfun$2.applyOrElse(SingleWorkflowRunnerActor.scala:106)
	at scala.runtime.AbstractPartialFunction.apply(AbstractPartialFunction.scala:36)
	at akka.actor.FSM$class.processEvent(FSM.scala:663)
	at cromwell.engine.workflow.SingleWorkflowRunnerActor.akka$actor$LoggingFSM$$super$processEvent(SingleWorkflowRunnerActor.scala:68)
	at akka.actor.LoggingFSM$class.processEvent(FSM.scala:799)
	at cromwell.engine.workflow.SingleWorkflowRunnerActor.processEvent(SingleWorkflowRunnerActor.scala:68)
	at akka.actor.FSM$class.akka$actor$FSM$$processMsg(FSM.scala:657)
	at akka.actor.FSM$$anonfun$receive$1.applyOrElse(FSM.scala:651)
	at akka.actor.Actor$class.aroundReceive(Actor.scala:484)
	at cromwell.server.CromwellRootActor.aroundReceive(CromwellRootActor.scala:26)
	at akka.actor.ActorCell.receiveMessage(ActorCell.scala:526)
	at akka.actor.ActorCell.invoke(ActorCell.scala:495)
	at akka.dispatch.Mailbox.processMailbox(Mailbox.scala:257)
	at akka.dispatch.Mailbox.run(Mailbox.scala:224)
	at akka.dispatch.Mailbox.exec(Mailbox.scala:234)
	at scala.concurrent.forkjoin.ForkJoinTask.doExec(ForkJoinTask.java:260)
	at scala.concurrent.forkjoin.ForkJoinPool$WorkQueue.runTask(ForkJoinPool.java:1339)
	at scala.concurrent.forkjoin.ForkJoinPool.runWorker(ForkJoinPool.java:1979)
	at scala.concurrent.forkjoin.ForkJoinWorkerThread.run(ForkJoinWorkerThread.java:107)
