######################################## 
## 2017-08-30 14:31:33 --'run_cpdb'--

## parameters
mutation file: /root/pgdac_cpdb_workflow/9b9a8206-01c0-4b5b-b629-11d5e78f1025/call-pgdac_cpdb/inputs/home/karsten/gdac-firecloud/tasks/pgdac_cpdb/tests/MB102_pair.pass.vcf 
junction file: /root/pgdac_cpdb_workflow/9b9a8206-01c0-4b5b-b629-11d5e78f1025/call-pgdac_cpdb/inputs/home/karsten/gdac-firecloud/tasks/pgdac_cpdb/tests/MB102.SJ.out.bed 
fusion file: 
annotation file: /root/pgdac_cpdb_workflow/9b9a8206-01c0-4b5b-b629-11d5e78f1025/call-pgdac_cpdb/inputs/home/karsten/gdac-firecloud/tasks/pgdac_cpdb/tests/20160914_hg19.zip 
temp-dir: /tmp/ 
log file: cpdb_String.log 

## Extracting annotation files to /tmp/vwerl38548267 

## Importing annotation files

## Junction pipeline
Importing splice junctions
Annotating splice junctions
Exporting junction fasta

## VCF pipeline
Importing VCF
Extracting indels... 457 indels found
Extracting SNVs...2380 SNVs found

## parsing SNVs
predicting SNV locations
Extracting SNVs in coding regions
Removing DNVs
Extracting protein coding sequences affected by SNVs
Predicting nsSNVs
Exporting nsSNVs fasta

## parsing indels
Extracting indels in coding regions
Predicting indel locations
Exporting indel fasta
done

Total time: 3.895921 mins